<?xml version="1.0" encoding="UTF-8"?>
<testng-results skipped="0" failed="0" ignored="0" total="3" passed="3">
  <reporter-output>
  </reporter-output>
  <suite name="Default suite" duration-ms="417" started-at="2020-05-04T20:01:46 IST" finished-at="2020-05-04T20:01:46 IST">
    <groups>
    </groups>
    <test name="Default test" duration-ms="417" started-at="2020-05-04T20:01:46 IST" finished-at="2020-05-04T20:01:46 IST">
      <class name="testNG_Log4j_Practice.Testng1">
        <test-method status="PASS" signature="m7()[pri:0, instance:testNG_Log4j_Practice.Testng1@7d70d1b1]" name="m7" is-config="true" duration-ms="40" started-at="2020-05-04T20:01:45 IST" finished-at="2020-05-04T20:01:45 IST">
          <reporter-output>
          </reporter-output>
        </test-method> <!-- m7 -->
        <test-method status="PASS" signature="m9()[pri:0, instance:testNG_Log4j_Practice.Testng1@7d70d1b1]" name="m9" is-config="true" duration-ms="0" started-at="2020-05-04T20:01:46 IST" finished-at="2020-05-04T20:01:46 IST">
          <reporter-output>
          </reporter-output>
        </test-method> <!-- m9 -->
        <test-method status="PASS" signature="m8()[pri:0, instance:testNG_Log4j_Practice.Testng1@7d70d1b1]" name="m8" is-config="true" duration-ms="0" started-at="2020-05-04T20:01:46 IST" finished-at="2020-05-04T20:01:46 IST">
          <reporter-output>
          </reporter-output>
        </test-method> <!-- m8 -->
        <test-method status="PASS" signature="m1()[pri:0, instance:testNG_Log4j_Practice.Testng1@7d70d1b1]" name="m1" duration-ms="310" started-at="2020-05-04T20:01:46 IST" finished-at="2020-05-04T20:01:46 IST">
          <reporter-output>
          </reporter-output>
        </test-method> <!-- m1 -->
        <test-method status="PASS" signature="m2()[pri:0, instance:testNG_Log4j_Practice.Testng1@7d70d1b1]" name="m2" duration-ms="15" started-at="2020-05-04T20:01:46 IST" finished-at="2020-05-04T20:01:46 IST">
          <reporter-output>
          </reporter-output>
        </test-method> <!-- m2 -->
        <test-method status="PASS" signature="m3()[pri:0, instance:testNG_Log4j_Practice.Testng1@7d70d1b1]" name="m3" duration-ms="5" started-at="2020-05-04T20:01:46 IST" finished-at="2020-05-04T20:01:46 IST">
          <reporter-output>
          </reporter-output>
        </test-method> <!-- m3 -->
        <test-method status="PASS" signature="m13()[pri:0, instance:testNG_Log4j_Practice.Testng1@7d70d1b1]" name="m13" is-config="true" duration-ms="0" started-at="2020-05-04T20:01:46 IST" finished-at="2020-05-04T20:01:46 IST">
          <reporter-output>
          </reporter-output>
        </test-method> <!-- m13 -->
        <test-method status="PASS" signature="m12()[pri:0, instance:testNG_Log4j_Practice.Testng1@7d70d1b1]" name="m12" is-config="true" duration-ms="0" started-at="2020-05-04T20:01:46 IST" finished-at="2020-05-04T20:01:46 IST">
          <reporter-output>
          </reporter-output>
        </test-method> <!-- m12 -->
        <test-method status="PASS" signature="m14()[pri:0, instance:testNG_Log4j_Practice.Testng1@7d70d1b1]" name="m14" is-config="true" duration-ms="5" started-at="2020-05-04T20:01:46 IST" finished-at="2020-05-04T20:01:46 IST">
          <reporter-output>
          </reporter-output>
        </test-method> <!-- m14 -->
      </class> <!-- testNG_Log4j_Practice.Testng1 -->
    </test> <!-- Default test -->
  </suite> <!-- Default suite -->
</testng-results>
