<?xml version="1.0" encoding="UTF-8"?>
<!-- Generated by org.testng.reporters.JUnitXMLReporter -->
<testsuite hostname="DESKTOP-A8JK525" ignored="0" name="Default test" tests="3" failures="0" timestamp="2020-05-04T20:01:46 IST" time="0.417" errors="0">
  <testcase name="m1" time="0.31" classname="testNG_Log4j_Practice.Testng1"/>
  <testcase name="m2" time="0.015" classname="testNG_Log4j_Practice.Testng1"/>
  <testcase name="m3" time="0.005" classname="testNG_Log4j_Practice.Testng1"/>
</testsuite> <!-- Default test -->
