<?xml version="1.0" encoding="UTF-8"?>
<!-- Generated by org.testng.reporters.JUnitXMLReporter -->
<testsuite hostname="DESKTOP-A8JK525" ignored="8" name="Sanity tests" tests="8" failures="1" timestamp="2020-04-25T23:04:07 IST" time="0.143" errors="0">
  <testcase name="m10" time="0.016" classname="TestNGPractice.Testng3"/>
  <testcase name="m4" time="0.016" classname="TestNGPractice.TestNG2">
    <failure type="java.lang.AssertionError" message="expected [nara1] but found [nara]">
      <![CDATA[java.lang.AssertionError: expected [nara1] but found [nara]
at TestNGPractice.TestNG2.m4(TestNG2.java:20)
at java.util.concurrent.ThreadPoolExecutor.runWorker(Unknown Source)
at java.util.concurrent.ThreadPoolExecutor$Worker.run(Unknown Source)
at java.lang.Thread.run(Unknown Source)
... Removed 17 stack frames]]>
    </failure>
  </testcase> <!-- m4 -->
  <testcase name="m1" time="0.0" classname="TestNGPractice.Testng1"/>
  <testcase name="m5" time="0.0" classname="TestNGPractice.TestNG2"/>
  <testcase name="m11" time="0.016" classname="TestNGPractice.Testng3"/>
  <testcase name="m6" time="0.0" classname="TestNGPractice.TestNG2"/>
  <testcase name="m2" time="0.0" classname="TestNGPractice.Testng1"/>
  <testcase name="m3" time="0.0" classname="TestNGPractice.Testng1"/>
  <testcase name="@AfterSuite m14" time="0.0" classname="TestNGPractice.BaseTestng">
    <ignored/>
  </testcase> <!-- @AfterSuite m14 -->
  <testcase name="@AfterSuite m14" time="0.0" classname="TestNGPractice.BaseTestng">
    <ignored/>
  </testcase> <!-- @AfterSuite m14 -->
  <testcase name="@AfterTest m12" time="0.0" classname="TestNGPractice.BaseTestng">
    <ignored/>
  </testcase> <!-- @AfterTest m12 -->
  <testcase name="@AfterTest m12" time="0.0" classname="TestNGPractice.BaseTestng">
    <ignored/>
  </testcase> <!-- @AfterTest m12 -->
  <testcase name="@BeforeTest m9" time="0.0" classname="TestNGPractice.BaseTestng">
    <ignored/>
  </testcase> <!-- @BeforeTest m9 -->
  <testcase name="@BeforeTest m9" time="0.0" classname="TestNGPractice.BaseTestng">
    <ignored/>
  </testcase> <!-- @BeforeTest m9 -->
  <testcase name="@BeforeSuite m7" time="0.0" classname="TestNGPractice.BaseTestng">
    <ignored/>
  </testcase> <!-- @BeforeSuite m7 -->
  <testcase name="@BeforeSuite m7" time="0.0" classname="TestNGPractice.BaseTestng">
    <ignored/>
  </testcase> <!-- @BeforeSuite m7 -->
</testsuite> <!-- Sanity tests -->
